<?xml version="1.0" encoding="UTF-8"?>
<!-- Generated by org.testng.reporters.JUnitReportReporter -->
<testsuite hostname="DESKTOP-UO09EH4" failures="0" tests="8" name="C2_Test2" time="0.094" errors="0" timestamp="2024-02-19T17:39:45 IST" skipped="0">
  <testcase classname="C2_Test2" name="Test8" time="0.010"/>
  <testcase classname="C2_Test2" name="Test9" time="0.013"/>
  <testcase classname="C2_Test2" name="WebLoan" time="0.008"/>
  <testcase classname="C2_Test2" name="Test12" time="0.007"/>
  <testcase classname="C2_Test2" name="Test12" time="0.016"/>
  <testcase classname="C2_Test2" name="Test10" time="0.008"/>
  <testcase classname="C2_Test2" name="Test7" time="0.005"/>
  <testcase classname="C2_Test2" name="Test12" time="0.027"/>
</testsuite> <!-- C2_Test2 -->
