<?xml version="1.0" encoding="UTF-8"?>
<!-- Generated by org.testng.reporters.JUnitReportReporter -->
<testsuite hostname="DESKTOP-UO09EH4" failures="0" tests="1" name="C3_Child" time="0.009" errors="0" timestamp="2024-02-12T18:10:17 IST" skipped="0">
  <testcase classname="C3_Child" name="TestCh" time="0.009"/>
</testsuite> <!-- C3_Child -->
