<?xml version="1.0" encoding="UTF-8"?>
<!-- Generated by org.testng.reporters.JUnitReportReporter -->
<testsuite hostname="DESKTOP-UO09EH4" failures="0" tests="2" name="C2_Test1" time="0.028" errors="0" timestamp="2024-02-19T17:39:45 IST" skipped="0">
  <testcase classname="C2_Test1" name="Test10" time="0.017"/>
  <testcase classname="C2_Test1" name="WebLogin" time="0.011"/>
</testsuite> <!-- C2_Test1 -->
