<?xml version="1.0" encoding="UTF-8"?>
<!-- Generated by org.testng.reporters.JUnitReportReporter -->
<testsuite hostname="DESKTOP-UO09EH4" failures="0" tests="1" name="C4_Child" time="0.018" errors="0" timestamp="2024-02-12T19:22:04 IST" skipped="0">
  <testcase classname="C4_Child" name="TestCh1" time="0.018"/>
</testsuite> <!-- C4_Child -->
