<?xml version="1.0" encoding="UTF-8"?>
<!-- Generated by org.testng.reporters.JUnitReportReporter -->
<testsuite hostname="DESKTOP-UO09EH4" failures="0" tests="3" name="C1_Test2" time="0.024" errors="0" timestamp="2024-02-11T06:56:31 IST" skipped="0">
  <testcase classname="C1_Test2" name="Test3" time="0.013"/>
  <testcase classname="C1_Test2" name="Test2" time="0.007"/>
  <testcase classname="C1_Test2" name="Test1" time="0.004"/>
</testsuite> <!-- C1_Test2 -->
