<?xml version="1.0" encoding="UTF-8"?>
<!-- Generated by org.testng.reporters.JUnitReportReporter -->
<testsuite hostname="DESKTOP-UO09EH4" failures="0" tests="3" name="C1_Test1" time="0.029" errors="0" timestamp="2024-02-11T06:56:31 IST" skipped="0">
  <testcase classname="C1_Test1" name="Test1" time="0.015"/>
  <testcase classname="C1_Test1" name="Test2" time="0.010"/>
  <testcase classname="C1_Test1" name="Test3" time="0.004"/>
</testsuite> <!-- C1_Test1 -->
